========================================
Jarvis Backup: 2026-02-25_02-00-02
========================================
Backing up memory...
✓ Memory backed up
Backing up skills...
✓ Skills backed up
Checking for changes...
Committing changes...
[main d32b47d] Backup: 2026-02-25_02-00-02
 2 files changed, 25 insertions(+)
 create mode 100644 cron.log
Pushing to GitHub...
To https://github.com/tajo9128/jarvis-backup.git
   813b198..d32b47d  main -> main
✓ Backup completed successfully
Backup completed at Wed Feb 25 02:00:05 CET 2026
========================================
========================================
Jarvis Backup: 2026-02-26_02-00-01
========================================
Backing up memory...
✓ Memory backed up
Backing up skills...
✓ Skills backed up
Checking for changes...
